<?xml version="1.0" encoding="UTF-8"?>
<!-- Generated by org.testng.reporters.JUnitReportReporter -->
<testsuite hostname="Sandhya-Rai.attlocal.net" name="com.sf.tests.ForgotPasswordTest" tests="1" failures="0" timestamp="10 Feb 2021 15:10:18 GMT" time="1.615" errors="0">
  <testcase name="TC4_test_ForgotPassword" time="1.615" classname="com.sf.tests.ForgotPasswordTest"/>
</testsuite> <!-- com.sf.tests.ForgotPasswordTest -->
