<?xml version="1.0" encoding="UTF-8"?>
<!-- Generated by org.testng.reporters.JUnitReportReporter -->
<testsuite hostname="Sandhya-Rai.attlocal.net" name="com.sf.tests.HomePageTest" tests="1" failures="0" timestamp="10 Feb 2021 16:19:25 GMT" time="11.666" errors="0">
  <testcase name="TC5_verifyUserMenuDropdown" time="11.666" classname="com.sf.tests.HomePageTest"/>
</testsuite> <!-- com.sf.tests.HomePageTest -->
